<?xml version="1.0" encoding="UTF-8"?>
<testsuite xmlns:xsi="http://www.w3.org/2001/XMLSchema-instance" xsi:noNamespaceSchemaLocation="https://maven.apache.org/surefire/maven-surefire-plugin/xsd/surefire-test-report.xsd" name="za.ac.cput.assignment1.HilaryClassTest" time="0.39" tests="5" errors="5" skipped="0" failures="0">
  <properties>
[...]
</properties>
  <testcase name="TimeoutTest" classname="za.ac.cput.assignment1.HilaryClassTest" time="0.334">
    <error message="Not supported yet." type="java.lang.UnsupportedOperationException">java.lang.UnsupportedOperationException: Not supported yet.
	at za.ac.cput.assignment1.HilaryClassTest.setUp(HilaryClassTest.java:30)
</error>
  </testcase>
  <testcase name="testIdentity" classname="za.ac.cput.assignment1.HilaryClassTest" time="0">
    <error message="Not supported yet." type="java.lang.UnsupportedOperationException">java.lang.UnsupportedOperationException: Not supported yet.
	at za.ac.cput.assignment1.HilaryClassTest.setUp(HilaryClassTest.java:30)
</error>
  </testcase>
  <testcase name="testDisabled" classname="za.ac.cput.assignment1.HilaryClassTest" time="0">
    <error message="Not supported yet." type="java.lang.UnsupportedOperationException">java.lang.UnsupportedOperationException: Not supported yet.
	at za.ac.cput.assignment1.HilaryClassTest.setUp(HilaryClassTest.java:30)
</error>
  </testcase>
  <testcase name="testEquality" classname="za.ac.cput.assignment1.HilaryClassTest" time="0">
    <error message="Not supported yet." type="java.lang.UnsupportedOperationException">java.lang.UnsupportedOperationException: Not supported yet.
	at za.ac.cput.assignment1.HilaryClassTest.setUp(HilaryClassTest.java:30)
</error>
  </testcase>
  <testcase name="FailingTest" classname="za.ac.cput.assignment1.HilaryClassTest" time="0.001">
    <error message="Not supported yet." type="java.lang.UnsupportedOperationException">java.lang.UnsupportedOperationException: Not supported yet.
	at za.ac.cput.assignment1.HilaryClassTest.setUp(HilaryClassTest.java:30)
</error>
  </testcase>
</testsuite>